Determining if the pthread_create exist failed with the following output:
Change Dir: /home/chengpipi/workspace/ROS/chatpter2_tutorials/build/CMakeFiles/CMakeTmp

Run Build Command:"/usr/bin/make" "cmTC_c79db/fast"
make[1]: Entering directory '/home/chengpipi/workspace/ROS/chatpter2_tutorials/build/CMakeFiles/CMakeTmp'
/usr/bin/make -f CMakeFiles/cmTC_c79db.dir/build.make CMakeFiles/cmTC_c79db.dir/build
make[2]: Entering directory '/home/chengpipi/workspace/ROS/chatpter2_tutorials/build/CMakeFiles/CMakeTmp'
Building C object CMakeFiles/cmTC_c79db.dir/CheckSymbolExists.c.o
/usr/bin/cc    -o CMakeFiles/cmTC_c79db.dir/CheckSymbolExists.c.o   -c /home/chengpipi/workspace/ROS/chatpter2_tutorials/build/CMakeFiles/CMakeTmp/CheckSymbolExists.c
Linking C executable cmTC_c79db
/usr/bin/cmake -E cmake_link_script CMakeFiles/cmTC_c79db.dir/link.txt --verbose=1
/usr/bin/cc      -rdynamic CMakeFiles/cmTC_c79db.dir/CheckSymbolExists.c.o  -o cmTC_c79db 
CMakeFiles/cmTC_c79db.dir/CheckSymbolExists.c.o: In function `main':
CheckSymbolExists.c:(.text+0x1b): undefined reference to `pthread_create'
collect2: error: ld returned 1 exit status
CMakeFiles/cmTC_c79db.dir/build.make:97: recipe for target 'cmTC_c79db' failed
make[2]: *** [cmTC_c79db] Error 1
make[2]: Leaving directory '/home/chengpipi/workspace/ROS/chatpter2_tutorials/build/CMakeFiles/CMakeTmp'
Makefile:126: recipe for target 'cmTC_c79db/fast' failed
make[1]: *** [cmTC_c79db/fast] Error 2
make[1]: Leaving directory '/home/chengpipi/workspace/ROS/chatpter2_tutorials/build/CMakeFiles/CMakeTmp'

File /home/chengpipi/workspace/ROS/chatpter2_tutorials/build/CMakeFiles/CMakeTmp/CheckSymbolExists.c:
/* */
#include <pthread.h>

int main(int argc, char** argv)
{
  (void)argv;
#ifndef pthread_create
  return ((int*)(&pthread_create))[argc];
#else
  (void)argc;
  return 0;
#endif
}

Determining if the function pthread_create exists in the pthreads failed with the following output:
Change Dir: /home/chengpipi/workspace/ROS/chatpter2_tutorials/build/CMakeFiles/CMakeTmp

Run Build Command:"/usr/bin/make" "cmTC_12dfd/fast"
make[1]: Entering directory '/home/chengpipi/workspace/ROS/chatpter2_tutorials/build/CMakeFiles/CMakeTmp'
/usr/bin/make -f CMakeFiles/cmTC_12dfd.dir/build.make CMakeFiles/cmTC_12dfd.dir/build
make[2]: Entering directory '/home/chengpipi/workspace/ROS/chatpter2_tutorials/build/CMakeFiles/CMakeTmp'
Building C object CMakeFiles/cmTC_12dfd.dir/CheckFunctionExists.c.o
/usr/bin/cc   -DCHECK_FUNCTION_EXISTS=pthread_create   -o CMakeFiles/cmTC_12dfd.dir/CheckFunctionExists.c.o   -c /usr/share/cmake-3.10/Modules/CheckFunctionExists.c
Linking C executable cmTC_12dfd
/usr/bin/cmake -E cmake_link_script CMakeFiles/cmTC_12dfd.dir/link.txt --verbose=1
/usr/bin/cc  -DCHECK_FUNCTION_EXISTS=pthread_create    -rdynamic CMakeFiles/cmTC_12dfd.dir/CheckFunctionExists.c.o  -o cmTC_12dfd -lpthreads 
/usr/bin/ld: cannot find -lpthreads
collect2: error: ld returned 1 exit status
CMakeFiles/cmTC_12dfd.dir/build.make:97: recipe for target 'cmTC_12dfd' failed
make[2]: *** [cmTC_12dfd] Error 1
make[2]: Leaving directory '/home/chengpipi/workspace/ROS/chatpter2_tutorials/build/CMakeFiles/CMakeTmp'
Makefile:126: recipe for target 'cmTC_12dfd/fast' failed
make[1]: *** [cmTC_12dfd/fast] Error 2
make[1]: Leaving directory '/home/chengpipi/workspace/ROS/chatpter2_tutorials/build/CMakeFiles/CMakeTmp'


